[2026-01-20 22:16:49,183] INFO - ============================================================
[2026-01-20 22:16:49,184] INFO -   CYNO HOTKEY SERVICE
[2026-01-20 22:16:49,184] INFO - ============================================================
[2026-01-20 22:16:49,184] INFO -   Hotkey: Ctrl+Shift+C
[2026-01-20 22:16:49,184] INFO -   Status: Initializing...
[2026-01-20 22:16:49,184] INFO - ============================================================
[2026-01-20 22:16:49,184] INFO - 
[Service] Starting global hotkey listener...
[2026-01-20 22:16:49,184] INFO - [Service] Press Ctrl+Shift+C to activate Cyno
[2026-01-20 22:16:49,185] INFO - [Service] Press Ctrl+C to stop service

[2026-01-20 22:21:21,254] INFO - ============================================================
[2026-01-20 22:21:21,254] INFO -   CYNO HOTKEY SERVICE
[2026-01-20 22:21:21,255] INFO - ============================================================
[2026-01-20 22:21:21,255] INFO -   Hotkey: Ctrl+0
[2026-01-20 22:21:21,255] INFO -   Status: Initializing...
[2026-01-20 22:21:21,255] INFO - ============================================================
[2026-01-20 22:21:21,256] INFO - 
[Service] Starting global hotkey listener...
[2026-01-20 22:21:21,256] INFO - [Service] Press Ctrl+0 to activate Cyno
[2026-01-20 22:21:21,256] INFO - [Service] Press Ctrl+C to stop service

[2026-01-20 22:34:01,371] INFO - ============================================================
[2026-01-20 22:34:01,371] INFO -   CYNO HOTKEY SERVICE
[2026-01-20 22:34:01,372] INFO - ============================================================
[2026-01-20 22:34:01,372] INFO -   Hotkey: Ctrl+Shift+Z
[2026-01-20 22:34:01,372] INFO -   Status: Initializing...
[2026-01-20 22:34:01,372] INFO - ============================================================
[2026-01-20 22:34:01,373] INFO - 
[Service] Starting global hotkey listener...
[2026-01-20 22:34:01,373] INFO - [Service] Press Ctrl+Shift+Z to activate Cyno
[2026-01-20 22:34:01,373] INFO - [Service] Press Ctrl+C to stop service

[2026-01-20 22:35:36,328] INFO - ============================================================
[2026-01-20 22:35:36,328] INFO -   CYNO HOTKEY SERVICE
[2026-01-20 22:35:36,329] INFO - ============================================================
[2026-01-20 22:35:36,329] INFO -   Hotkey: Ctrl+Shift+Z
[2026-01-20 22:35:36,329] INFO -   Status: Initializing...
[2026-01-20 22:35:36,329] INFO - ============================================================
[2026-01-20 22:35:36,329] INFO - 
[Service] Starting global hotkey listener...
[2026-01-20 22:35:36,329] INFO - [Service] Press Ctrl+Shift+Z to activate Cyno
[2026-01-20 22:35:36,329] INFO - [Service] Press Ctrl+C to stop service

